<?xml version="1.0" encoding="UTF-8"?>
<!-- Generated by org.testng.reporters.JUnitReportReporter -->
<testsuite hostname="Gundeepsingh-PC" name="APITesting.APITestingUsingJAVA.WeatherGetRequests" tests="4" failures="0" timestamp="10 Jan 2021 19:06:48 GMT" time="12.367" errors="0">
  <testcase name="Test04" time="1.382" classname="APITesting.APITestingUsingJAVA.WeatherGetRequests"/>
  <testcase name="Test02" time="2.958" classname="APITesting.APITestingUsingJAVA.WeatherGetRequests"/>
  <testcase name="Test01" time="6.016" classname="APITesting.APITestingUsingJAVA.WeatherGetRequests"/>
  <testcase name="Test03" time="2.011" classname="APITesting.APITestingUsingJAVA.WeatherGetRequests"/>
</testsuite> <!-- APITesting.APITestingUsingJAVA.WeatherGetRequests -->
