<?xml version="1.0" encoding="UTF-8"?>
<!-- Generated by org.testng.reporters.JUnitReportReporter -->
<testsuite skipped="0" hostname="Gundeepsingh-PC" name="com.DemoPet.Scenarios.DemoPetsScenarioTesting" tests="4" failures="0" timestamp="11 Jan 2021 04:50:32 GMT" time="11.556" errors="0">
  <testcase name="getAvailablePets" time="5.408" classname="com.DemoPet.Scenarios.DemoPetsScenarioTesting"/>
  <testcase name="postNewAvailablePet" time="2.781" classname="com.DemoPet.Scenarios.DemoPetsScenarioTesting"/>
  <testcase name="updatePetStatus" time="2.070" classname="com.DemoPet.Scenarios.DemoPetsScenarioTesting"/>
  <testcase name="deletePetID" time="1.297" classname="com.DemoPet.Scenarios.DemoPetsScenarioTesting"/>
</testsuite> <!-- com.DemoPet.Scenarios.DemoPetsScenarioTesting -->
