<?xml version="1.0" encoding="UTF-8"?>
<!-- Generated by org.testng.reporters.JUnitReportReporter -->
<testsuite hostname="Gundeepsingh-PC" name="APITesting.APITestingUsingJAVA.JsonServerRequests" tests="2" failures="0" timestamp="7 Oct 2020 19:22:18 GMT" time="4.092" errors="0">
  <testcase name="Test07" time="0.058" classname="APITesting.APITestingUsingJAVA.JsonServerRequests"/>
  <testcase name="Test05" time="4.034" classname="APITesting.APITestingUsingJAVA.JsonServerRequests"/>
</testsuite> <!-- APITesting.APITestingUsingJAVA.JsonServerRequests -->
